<?xml version="1.0" encoding="UTF-8"?>
<!-- Generated by org.testng.reporters.JUnitReportReporter -->
<testsuite hostname="LAPTOP-RL7JVSAU" failures="0" tests="1" name="com.actiTime.testScripts.UserModule" time="8.967" errors="0" timestamp="2025-03-06T21:36:30 IST" skipped="0">
  <testcase classname="com.actiTime.testScripts.UserModule" name="createUser" time="8.967"/>
  <system-out>
    <![CDATA[user created]]>
  </system-out>
</testsuite> <!-- com.actiTime.testScripts.UserModule -->
