<?xml version="1.0" encoding="UTF-8"?>
<!-- Generated by org.testng.reporters.JUnitReportReporter -->
<testsuite hostname="LAPTOP-RL7JVSAU" failures="0" tests="2" name="com.actiTime.testScripts.TaskModule" time="9.839" errors="0" timestamp="2025-02-26T20:20:25 IST" skipped="0">
  <testcase classname="com.actiTime.testScripts.TaskModule" name="createNewProject" time="5.696"/>
  <system-out>
    <![CDATA[KARNATAKA BANK project is created successfully]]>
  </system-out>
  <testcase classname="com.actiTime.testScripts.TaskModule" name="createNewCust" time="4.143"/>
  <system-out>
    <![CDATA[All Customers customer is created successfully]]>
  </system-out>
</testsuite> <!-- com.actiTime.testScripts.TaskModule -->
