<?xml version="1.0" encoding="UTF-8"?>
<!-- Generated by org.testng.reporters.JUnitReportReporter -->
<testsuite hostname="LAPTOP-RL7JVSAU" failures="0" tests="2" name="com.actiTime.testScripts.TaskModule" time="12.785" errors="0" timestamp="2025-03-06T21:36:30 IST" skipped="0">
  <testcase classname="com.actiTime.testScripts.TaskModule" name="createNewCust" time="6.514"/>
  <system-out>
    <![CDATA[All Customers customer is created successfully]]>
  </system-out>
  <testcase classname="com.actiTime.testScripts.TaskModule" name="createNewProject" time="6.271"/>
  <system-out>
    <![CDATA[KARNATAKA BANK project is created successfully]]>
  </system-out>
</testsuite> <!-- com.actiTime.testScripts.TaskModule -->
