<?xml version="1.0" encoding="UTF-8"?>
<!-- Generated by org.testng.reporters.JUnitReportReporter -->
<testsuite hostname="LAPTOP-RL7JVSAU" failures="0" tests="1" name="com.actiTime.pom.UserListPage" time="6.047" errors="0" timestamp="2025-02-26T20:20:25 IST" skipped="0">
  <testcase classname="com.actiTime.pom.UserListPage" name="createUser" time="6.047"/>
  <system-out/>
</testsuite> <!-- com.actiTime.pom.UserListPage -->
